-------------------------------------------------------------------------------
Test set: com.devoptest.TestSuma
-------------------------------------------------------------------------------
Tests run: 2, Failures: 1, Errors: 0, Skipped: 0, Time elapsed: 0.042 sec <<< FAILURE!
testIncrementa(com.devoptest.TestSuma)  Time elapsed: 0.013 sec  <<< FAILURE!
junit.framework.AssertionFailedError: Not yet implemented
	at junit.framework.Assert.fail(Assert.java:47)
	at com.devoptest.TestSuma.testIncrementa(TestSuma.java:22)

